build/app/outputs/mapping/release/seeds.txt
com.softhub.rentswale.MainActivity: MainActivity()
com.softhub.rentswale.MainActivity
...
io.flutter.app.FlutterApplication: FlutterApplication()
com.razorpay.BaseCheckoutActivity: BaseCheckoutActivity()
io.flutter.embedding.android.FlutterSurfaceView
com.google.android.gms.wallet.wobs.CommonWalletObject: android.os.Parcelable$Creator CREATOR
androidx.versionedparcelable.CustomVersionedParcelable: CustomVersionedParcelable()
androidx.core.graphics.drawable.IconCompatParcelizer
com.razorpay.RzpAssist: void copyToClipboard(java.lang.String)
com.google.android.gms.auth.api.signin.GoogleSignInOptions: android.os.Parcelable$Creator CREATOR
com.google.android.gms.common.util.DynamiteApi
io.flutter.embedding.engine.FlutterJNI: void nativePrefetchDefaultFontManager()
com.razorpay.CheckoutBridge: java.lang.String getSdkPlugins()
androidx.lifecycle.ReportFragment$LifecycleCallbacks: void onActivityPostResumed(android.app.Activity)
com.google.android.gms.wallet.wobs.WalletObjectMessage: android.os.Parcelable$Creator CREATOR
com.razorpay.StorageBridge: java.lang.String getString(java.lang.String)
io.flutter.embedding.engine.renderer.SurfaceTextureWrapper: void updateTexImage()
io.flutter.embedding.engine.renderer.SurfaceTextureWrapper: void getTransformMatrix(float[])
io.flutter.embedding.engine.mutatorsstack.FlutterMutatorsStack: java.util.List finalClippingPaths
io.flutter.embedding.engine.plugins.lifecycle.HiddenLifecycleReference: HiddenLifecycleReference(androidx.lifecycle.Lifecycle)
androidx.lifecycle.LifecycleService: LifecycleService()
androidx.work.impl.workers.CombineContinuationsWorker
androidx.work.impl.background.systemalarm.SystemAlarmService: SystemAlarmService()
io.flutter.embedding.engine.FlutterJNI: java.lang.Long nativeShellHolderId
androidx.work.impl.background.systemalarm.SystemAlarmService
io.flutter.view.AccessibilityViewEmbedder: java.util.Map embeddedViewToDisplayBounds
io.flutter.plugin.editing.ImeSyncDeferringInsetsCallback: io.flutter.plugin.editing.ImeSyncDeferringInsetsCallback$InsetsListener insetsListener
androidx.work.impl.utils.futures.DirectExecutor: androidx.work.impl.utils.futures.DirectExecutor[] values()
io.flutter.embedding.engine.FlutterJNI: void deferredComponentInstallFailure(int,java.lang.String,boolean)
com.google.android.gms.auth.api.signin.internal.GoogleSignInOptionsExtensionParcelable: android.os.Parcelable$Creator CREATOR
androidx.lifecycle.ReportFragment$LifecycleCallbacks: void onActivityCreated(android.app.Activity,android.os.Bundle)
com.google.android.gms.common.internal.zzb: android.os.Parcelable$Creator CREATOR
io.flutter.embedding.engine.FlutterJNI: void nativeSetSemanticsEnabled(long,boolean)
androidx.work.impl.utils.ForceStopRunnable$BroadcastReceiver: ForceStopRunnable$BroadcastReceiver()
androidx.room.MultiInstanceInvalidationService: MultiInstanceInvalidationService()
io.flutter.embedding.engine.systemchannels.PlatformChannel$HapticFeedbackType: io.flutter.embedding.engine.systemchannels.PlatformChannel$HapticFeedbackType valueOf(java.lang.String)
io.flutter.view.FlutterCallbackInformation: java.lang.String callbackLibraryPath
io.flutter.embedding.engine.FlutterJNI: void dispatchPlatformMessage(java.lang.String,java.nio.ByteBuffer,int,int)
androidx.work.ListenableWorker
androidx.lifecycle.Lifecycle$Event: androidx.lifecycle.Lifecycle$Event[] values()
io.flutter.embedding.engine.FlutterJNI: void onSurfaceDestroyed()
io.flutter.embedding.android.TransparencyMode: io.flutter.embedding.android.TransparencyMode valueOf(java.lang.String)
com.google.android.gms.wallet.wobs.LoyaltyPointsBalance: android.os.Parcelable$Creator CREATOR
io.flutter.embedding.engine.FlutterJNI: io.flutter.embedding.engine.FlutterJNI$AccessibilityDelegate accessibilityDelegate
io.flutter.embedding.android.FlutterSplashView$SavedState: java.lang.String previousCompletedSplashIsolate
io.flutter.embedding.engine.FlutterJNI: boolean nativeFlutterTextUtilsIsEmojiModifier(int)
io.flutter.plugin.platform.SingleViewPresentation: io.flutter.plugin.platform.SingleViewPresentation$PresentationState state