build/app/outputs/mapping/release/mapping.txt
# compiler: R8
# compiler_version: 2.1.75
# min_api: 19
# pg_map_id: 3237f65
# common_typos_disable
...
com.google.gson.TypeAdapter$1 -> d.a.c.t$a:
    com.google.gson.TypeAdapter this$0 -> a
    java.lang.Object read(com.google.gson.stream.JsonReader) -> b
    void write(com.google.gson.stream.JsonWriter,java.lang.Object) -> d
com.google.gson.TypeAdapterFactory -> d.a.c.u:
    com.google.gson.TypeAdapter create(com.google.gson.Gson,com.google.gson.reflect.TypeToken) -> a
com.google.gson.annotations.Expose -> d.a.c.v.a:
com.google.gson.annotations.JsonAdapter -> d.a.c.v.b:
com.google.gson.annotations.SerializedName -> d.a.c.v.c:
com.google.gson.annotations.Since -> d.a.c.v.d:
com.google.gson.annotations.Until -> d.a.c.v.e:
com.google.gson.internal.$Gson$Preconditions -> d.a.c.w.a:
    void checkArgument(boolean) -> a
    java.lang.Object checkNotNull(java.lang.Object) -> b
com.google.gson.internal.$Gson$Types -> d.a.c.w.b:
    java.lang.reflect.Type[] EMPTY_TYPE_ARRAY -> a
    java.lang.reflect.GenericArrayType arrayOf(java.lang.reflect.Type) -> a
    java.lang.reflect.Type canonicalize(java.lang.reflect.Type) -> b
    void checkNotPrimitive(java.lang.reflect.Type) -> c
    java.lang.Class declaringClassOf(java.lang.reflect.TypeVariable) -> d
    boolean equal(java.lang.Object,java.lang.Object) -> e
    boolean equals(java.lang.reflect.Type,java.lang.reflect.Type) -> f
    java.lang.reflect.Type getArrayComponentType(java.lang.reflect.Type) -> g
    java.lang.reflect.Type getCollectionElementType(java.lang.reflect.Type,java.lang.Class) -> h
    java.lang.reflect.Type getGenericSupertype(java.lang.reflect.Type,java.lang.Class,java.lang.Class) -> i
    java.lang.reflect.Type[] getMapKeyAndValueTypes(java.lang.reflect.Type,java.lang.Class) -> j
    java.lang.Class getRawType(java.lang.reflect.Type) -> k
    java.lang.reflect.Type getSupertype(java.lang.reflect.Type,java.lang.Class,java.lang.Class) -> l
    int hashCodeOrZero(java.lang.Object) -> m
    int indexOf(java.lang.Object[],java.lang.Object) -> n
    java.lang.reflect.ParameterizedType newParameterizedTypeWithOwner(java.lang.reflect.Type,java.lang.reflect.Type,java.lang.reflect.Type[]) -> o
    java.lang.reflect.Type resolve(java.lang.reflect.Type,java.lang.Class,java.lang.reflect.Type) -> p
com.google.gson.internal.$Gson$Types$GenericArrayTypeImpl -> d.a.c.w.b$a:
    java.lang.reflect.Type componentType -> a
com.google.gson.internal.$Gson$Types$ParameterizedTypeImpl -> d.a.c.w.b$b:
    java.lang.reflect.Type ownerType -> a
    java.lang.reflect.Type rawType -> b
    java.lang.reflect.Type[] typeArguments -> c
com.google.gson.internal.$Gson$Types$WildcardTypeImpl -> d.a.c.w.b$c:
    java.lang.reflect.Type upperBound -> a
    java.lang.reflect.Type lowerBound -> b
com.google.gson.internal.ConstructorConstructor -> d.a.c.w.c:
    java.util.Map instanceCreators -> a
    com.google.gson.internal.reflect.ReflectionAccessor accessor -> b
    com.google.gson.internal.ObjectConstructor get(com.google.gson.reflect.TypeToken) -> a
    com.google.gson.internal.ObjectConstructor newDefaultConstructor(java.lang.Class) -> b
    com.google.gson.internal.ObjectConstructor newDefaultImplementationConstructor(java.lang.reflect.Type,java.lang.Class) -> c
    com.google.gson.internal.ObjectConstructor newUnsafeAllocator(java.lang.reflect.Type,java.lang.Class) -> d
com.google.gson.internal.ConstructorConstructor$1 -> d.a.c.w.c$f:
    com.google.gson.InstanceCreator val$typeCreator -> a
    java.lang.reflect.Type val$type -> b
    java.lang.Object construct() -> a
com.google.gson.internal.ConstructorConstructor$10 -> d.a.c.w.c$a:
    java.lang.Object construct() -> a
com.google.gson.internal.ConstructorConstructor$11 -> d.a.c.w.c$b:
    java.lang.Object construct() -> a
com.google.gson.internal.ConstructorConstructor$12 -> d.a.c.w.c$c:
    java.lang.Object construct() -> a
com.google.gson.internal.ConstructorConstructor$13 -> d.a.c.w.c$d:
    java.lang.Object construct() -> a