build/app/outputs/mapping/release/usage.txt
com.softhub.rentswale.R$raw
com.softhub.rentswale.R$attr
com.softhub.rentswale.R$styleable
com.softhub.rentswale.BuildConfig
com.softhub.rentswale.R$mipmap
com.softhub.rentswale.R$bool
com.softhub.rentswale.R$integer
com.softhub.rentswale.R$color
com.softhub.rentswale.R$layout
com.softhub.rentswale.R$dimen
com.softhub.rentswale.R$style
com.softhub.rentswale.R$id
com.softhub.rentswale.R$xml
com.softhub.rentswale.R$string
com.softhub.rentswale.R
com.softhub.rentswale.R$drawable
...
com.google.common.cache.CacheBuilderSpec$DurationParser
kotlin.collections.ArraysKt___ArraysKt$asIterable$$inlined$Iterable$2
com.google.common.collect.TreeRangeSet$RangesByUpperBound$1
kotlin.UIntArray
com.google.common.primitives.Doubles$DoubleArrayAsList
com.google.common.annotations.GwtIncompatible
com.google.common.collect.MapDifference$ValueDifference
com.google.common.collect.AbstractNavigableMap$DescendingMap
kotlin.time.AbstractDoubleTimeSource$DoubleTimeMark
com.google.common.collect.Multimaps$CustomSortedSetMultimap
com.google.common.collect.MapMakerInternalMap$StrongKeyWeakValueSegment
org.intellij.lang.annotations.JdkConstants$FlowLayoutAlignment
androidx.loader.R$id
androidx.fragment.R$attr
kotlin.jvm.functions.Function11:
    public abstract java.lang.Object invoke(java.lang.Object,java.lang.Object,java.lang.Object,java.lang.Object,java.lang.Object,java.lang.Object,java.lang.Object,java.lang.Object,java.lang.Object,java.lang.Object,java.lang.Object)
com.google.common.util.concurrent.Striped$SmallLazyStriped$ArrayReference
androidx.customview.widget.ViewDragHelper
com.google.android.gms.auth.account.zzf
okhttp3.OkHttpClient$Builder:
    public void <init>(okhttp3.OkHttpClient)
    public final void setDispatcher$okhttp(okhttp3.Dispatcher)
    public final void setConnectionPool$okhttp(okhttp3.ConnectionPool)
    public final void setEventListenerFactory$okhttp(okhttp3.EventListener$Factory)
    public final void setRetryOnConnectionFailure$okhttp(boolean)
    public final void setAuthenticator$okhttp(okhttp3.Authenticator)
    public final void setFollowRedirects$okhttp(boolean)
    public final void setFollowSslRedirects$okhttp(boolean)
    public final void setCookieJar$okhttp(okhttp3.CookieJar)
    public final void setCache$okhttp(okhttp3.Cache)
    public final void setDns$okhttp(okhttp3.Dns)
    public final void setProxy$okhttp(java.net.Proxy)
    public final void setProxySelector$okhttp(java.net.ProxySelector)
    public final void setProxyAuthenticator$okhttp(okhttp3.Authenticator)
    public final void setSocketFactory$okhttp(javax.net.SocketFactory)
    public final void setSslSocketFactoryOrNull$okhttp(javax.net.ssl.SSLSocketFactory)
    public final void setX509TrustManagerOrNull$okhttp(javax.net.ssl.X509TrustManager)
    public final void setConnectionSpecs$okhttp(java.util.List)
    public final void setProtocols$okhttp(java.util.List)
    public final void setHostnameVerifier$okhttp(javax.net.ssl.HostnameVerifier)
    public final void setCertificatePinner$okhttp(okhttp3.CertificatePinner)
com.google.android.gms.maps.zzb
kotlin.coroutines.ContinuationInterceptor$Key
com.google.common.cache.CacheBuilderSpec$ValueStrengthParser
com.google.common.cache.LocalCache$LoadingValueReference$1
com.google.android.gms.auth.UserRecoverableAuthException
com.google.android.gms.auth.api.R
com.google.common.collect.Lists
kotlin.text.StringsKt__StringsKt$splitToSequence$2
io.flutter.plugin.common.EventChannel$EventSink:
    public abstract void error(java.lang.String,java.lang.String,java.lang.Object)
    public abstract void endOfStream()
okhttp3.internal.ws.RealWebSocket$3
com.google.common.collect.LinkedListMultimap$1EntriesImpl